/Applications/Xcode.app/Contents/Developer/usr/bin/make -C util/gcasm
make[2]: Nothing to be done for `all'.
Building labyrinth for riscv-darkrv...
make[2]: Nothing to be done for `all'.
cp rom.hex ../../../../arch/riscv-darkrv/
/Applications/Xcode.app/Contents/Developer/usr/bin/make -C ../../../../arch/riscv-darkrv/sim-desktop run SIM_GAME=labyrinth SIM_ARCH=riscv-darkrv
verilator --cc --exe --build --top-module soc -I.. --Mdir obj_dir --no-timing -Wno-WIDTHEXPAND -Wno-WIDTHTRUNC -Wno-WIDTHCONCAT -Wno-UNUSEDSIGNAL -Wno-UNUSEDPARAM -Wno-CASEINCOMPLETE -Wno-CASEX -Wno-INITIALDLY -Wno-UNDRIVEN -Wno-PINMISSING -Wno-UNOPTFLAT -Wno-TIMESCALEMOD -CFLAGS  "-I/opt/homebrew/include/SDL2 -D_THREAD_SAFE -DSIM_TITLE='\"labyrinth — riscv-darkrv (ESC=quit)\"'" -LDFLAGS "-L/opt/homebrew/lib -lSDL2" ../soc.v ../cpu_darkrv.v ../darkriscv.v sim_top.cpp
g++  -I.  -MMD -I/Users/bereg/fpgago/oss-cad-suite/share/verilator/include -I/Users/bereg/fpgago/oss-cad-suite/share/verilator/include/vltstd -DVERILATOR=1 -DVM_COVERAGE=0 -DVM_SC=0 -DVM_TIMING=0 -DVM_TRACE=0 -DVM_TRACE_FST=0 -DVM_TRACE_VCD=0 -DVM_TRACE_SAIF=0 -faligned-new -fbracket-depth=4096 -fcf-protection=none -Xclang -fno-pch-timestamp -Qunused-arguments  -Wno-c++11-narrowing -Wno-constant-logical-operand -Wno-int-in-bool-context -Wno-non-pod-varargs -Wno-parentheses-equality -Wno-shadow -Wno-sign-compare  -Wno-tautological-compare -Wno-uninitialized -Wno-unused-but-set-parameter -Wno-unused-but-set-variable -Wno-unused-parameter -Wno-unused-variable -Wno-vla-cxx-extension    -I/opt/homebrew/include/SDL2 -D_THREAD_SAFE -DSIM_TITLE='"labyrinth — riscv-darkrv (ESC=quit)"'   -Os  -c -o sim_top.o ../sim_top.cpp
g++ -Os  -I.  -MMD -I/Users/bereg/fpgago/oss-cad-suite/share/verilator/include -I/Users/bereg/fpgago/oss-cad-suite/share/verilator/include/vltstd -DVERILATOR=1 -DVM_COVERAGE=0 -DVM_SC=0 -DVM_TIMING=0 -DVM_TRACE=0 -DVM_TRACE_FST=0 -DVM_TRACE_VCD=0 -DVM_TRACE_SAIF=0 -faligned-new -fbracket-depth=4096 -fcf-protection=none -Xclang -fno-pch-timestamp -Qunused-arguments  -Wno-c++11-narrowing -Wno-constant-logical-operand -Wno-int-in-bool-context -Wno-non-pod-varargs -Wno-parentheses-equality -Wno-shadow -Wno-sign-compare  -Wno-tautological-compare -Wno-uninitialized -Wno-unused-but-set-parameter -Wno-unused-but-set-variable -Wno-unused-parameter -Wno-unused-variable -Wno-vla-cxx-extension    -I/opt/homebrew/include/SDL2 -D_THREAD_SAFE -DSIM_TITLE='"labyrinth — riscv-darkrv (ESC=quit)"'   -c -o verilated.o /Users/bereg/fpgago/oss-cad-suite/share/verilator/include/verilated.cpp
g++ -Os  -I.  -MMD -I/Users/bereg/fpgago/oss-cad-suite/share/verilator/include -I/Users/bereg/fpgago/oss-cad-suite/share/verilator/include/vltstd -DVERILATOR=1 -DVM_COVERAGE=0 -DVM_SC=0 -DVM_TIMING=0 -DVM_TRACE=0 -DVM_TRACE_FST=0 -DVM_TRACE_VCD=0 -DVM_TRACE_SAIF=0 -faligned-new -fbracket-depth=4096 -fcf-protection=none -Xclang -fno-pch-timestamp -Qunused-arguments  -Wno-c++11-narrowing -Wno-constant-logical-operand -Wno-int-in-bool-context -Wno-non-pod-varargs -Wno-parentheses-equality -Wno-shadow -Wno-sign-compare  -Wno-tautological-compare -Wno-uninitialized -Wno-unused-but-set-parameter -Wno-unused-but-set-variable -Wno-unused-parameter -Wno-unused-variable -Wno-vla-cxx-extension    -I/opt/homebrew/include/SDL2 -D_THREAD_SAFE -DSIM_TITLE='"labyrinth — riscv-darkrv (ESC=quit)"'   -c -o verilated_dpi.o /Users/bereg/fpgago/oss-cad-suite/share/verilator/include/verilated_dpi.cpp
g++ -Os  -I.  -MMD -I/Users/bereg/fpgago/oss-cad-suite/share/verilator/include -I/Users/bereg/fpgago/oss-cad-suite/share/verilator/include/vltstd -DVERILATOR=1 -DVM_COVERAGE=0 -DVM_SC=0 -DVM_TIMING=0 -DVM_TRACE=0 -DVM_TRACE_FST=0 -DVM_TRACE_VCD=0 -DVM_TRACE_SAIF=0 -faligned-new -fbracket-depth=4096 -fcf-protection=none -Xclang -fno-pch-timestamp -Qunused-arguments  -Wno-c++11-narrowing -Wno-constant-logical-operand -Wno-int-in-bool-context -Wno-non-pod-varargs -Wno-parentheses-equality -Wno-shadow -Wno-sign-compare  -Wno-tautological-compare -Wno-uninitialized -Wno-unused-but-set-parameter -Wno-unused-but-set-variable -Wno-unused-parameter -Wno-unused-variable -Wno-vla-cxx-extension    -I/opt/homebrew/include/SDL2 -D_THREAD_SAFE -DSIM_TITLE='"labyrinth — riscv-darkrv (ESC=quit)"'   -c -o verilated_threads.o /Users/bereg/fpgago/oss-cad-suite/share/verilator/include/verilated_threads.cpp
python3 /Users/bereg/fpgago/oss-cad-suite/share/verilator/bin/verilator_includer -DVL_INCLUDE_OPT=include Vsoc.cpp Vsoc___024root__0.cpp Vsoc__Dpi.cpp Vsoc__ConstPool__0__Slow.cpp Vsoc___024root__Slow.cpp Vsoc___024root__0__Slow.cpp Vsoc__Syms__Slow.cpp > Vsoc__ALL.cpp
g++ -Os  -I.  -MMD -I/Users/bereg/fpgago/oss-cad-suite/share/verilator/include -I/Users/bereg/fpgago/oss-cad-suite/share/verilator/include/vltstd -DVERILATOR=1 -DVM_COVERAGE=0 -DVM_SC=0 -DVM_TIMING=0 -DVM_TRACE=0 -DVM_TRACE_FST=0 -DVM_TRACE_VCD=0 -DVM_TRACE_SAIF=0 -faligned-new -fbracket-depth=4096 -fcf-protection=none -Xclang -fno-pch-timestamp -Qunused-arguments  -Wno-c++11-narrowing -Wno-constant-logical-operand -Wno-int-in-bool-context -Wno-non-pod-varargs -Wno-parentheses-equality -Wno-shadow -Wno-sign-compare  -Wno-tautological-compare -Wno-uninitialized -Wno-unused-but-set-parameter -Wno-unused-but-set-variable -Wno-unused-parameter -Wno-unused-variable -Wno-vla-cxx-extension    -I/opt/homebrew/include/SDL2 -D_THREAD_SAFE -DSIM_TITLE='"labyrinth — riscv-darkrv (ESC=quit)"'   -c -o Vsoc__ALL.o Vsoc__ALL.cpp
g++  -Wl,-U,__Z15vl_time_stamp64v,-U,__Z13sc_time_stampv,-U,_vlog_startup_routines   sim_top.o verilated.o verilated_dpi.o verilated_threads.o Vsoc__ALL.a   -L/opt/homebrew/lib -lSDL2  -pthread -lpthread   -o Vsoc
rm Vsoc__ALL.verilator_deplist.tmp
- V e r i l a t i o n   R e p o r t: Verilator 5.047 devel rev v5.046-235-gdfb7b034a (mod)
- Verilator: Built from 0.098 MB sources in 4 modules, into 0.118 MB in 7 C++ files needing 0.000 MB
- Verilator: Walltime 3.155 s (elab=0.006, cvt=0.015, bld=3.123); cpu 0.018 s on 1 threads; allocated 13.016 MB

Build complete. Run with: make run
./obj_dir/Vsoc
boot
trig
tex
map
player
render
frame
